11:42:12.395 INFO [GridLauncherV3.parse] - Selenium server version: 3.141.59, revision: e82be7d358
11:42:12.451 INFO [GridLauncherV3.lambda$buildLaunchers$3] - Launching a standalone Selenium Server on port 4444
2021-06-15 11:42:12.493:INFO::main: Logging initialized @265ms to org.seleniumhq.jetty9.util.log.StdErrLog
11:42:12.681 INFO [WebDriverServlet.<init>] - Initialising WebDriverServlet
11:42:12.766 INFO [SeleniumServer.boot] - Selenium Server is up and running on port 4444
11:42:13.296 INFO [ActiveSessionFactory.apply] - Capabilities are: {
  "browserName": "chrome",
  "goog:chromeOptions": {
    "args": [
      "--disable-gpu",
      "--no-sandbox",
      "--enable-features=NetworkService,NetworkServiceInProcess",
      "--disable-dev-shm-usage"
    ]
  }
}
11:42:13.297 INFO [ActiveSessionFactory.lambda$apply$11] - Matched factory org.openqa.selenium.grid.session.remote.ServicedSession$Factory (provider: org.openqa.selenium.chrome.ChromeDriverService)
Starting ChromeDriver 91.0.4472.101 (af52a90bf87030dd1523486a1cd3ae25c5d76c9b-refs/branch-heads/4472@{#1462}) on port 13644
Only local connections are allowed.
Please see https://chromedriver.chromium.org/security-considerations for suggestions on keeping ChromeDriver safe.
ChromeDriver was started successfully.
11:42:14.742 INFO [ProtocolHandshake.createSession] - Detected dialect: W3C
11:42:14.773 INFO [RemoteSession$Factory.lambda$performHandshake$0] - Started new session 21cca3b80e729beda9b5ac61c2da655f (org.openqa.selenium.chrome.ChromeDriverService)
